TN:
SF:/Users/exdeniz/Project/experement/custom-element-boilerplate/index.js
FN:3,(anonymous_0)
FN:7,(anonymous_1)
FN:10,(anonymous_2)
FN:13,(anonymous_3)
FN:17,(anonymous_4)
FN:21,(anonymous_5)
FN:27,(anonymous_6)
FN:31,(anonymous_7)
FN:36,(anonymous_8)
FN:43,(anonymous_9)
FN:44,(anonymous_10)
FNF:11
FNH:0
FNDA:0,(anonymous_0)
FNDA:0,(anonymous_1)
FNDA:0,(anonymous_2)
FNDA:0,(anonymous_3)
FNDA:0,(anonymous_4)
FNDA:0,(anonymous_5)
FNDA:0,(anonymous_6)
FNDA:0,(anonymous_7)
FNDA:0,(anonymous_8)
FNDA:0,(anonymous_9)
FNDA:0,(anonymous_10)
DA:4,0
DA:5,0
DA:8,0
DA:11,0
DA:14,0
DA:15,0
DA:18,0
DA:19,0
DA:22,0
DA:23,0
DA:24,0
DA:28,0
DA:29,0
DA:32,0
DA:33,0
DA:34,0
DA:37,0
DA:38,0
DA:39,0
DA:40,0
DA:41,0
DA:45,0
DA:46,0
DA:47,0
DA:48,0
DA:49,0
DA:50,0
DA:51,0
DA:54,0
DA:55,0
DA:62,0
DA:63,0
DA:64,0
LF:33
LH:0
BRDA:22,0,0,0
BRDA:22,0,1,0
BRDA:27,1,0,0
BRDA:28,2,0,0
BRDA:28,2,1,0
BRDA:37,3,0,0
BRDA:37,3,1,0
BRDA:40,4,0,0
BRDA:40,4,1,0
BRDA:46,5,0,0
BRDA:46,5,1,0
BRDA:47,6,0,0
BRDA:47,6,1,0
BRDA:49,7,0,0
BRDA:49,7,1,0
BRDA:62,8,0,0
BRDA:62,8,1,0
BRF:17
BRH:0
end_of_record
TN:
SF:/Users/exdeniz/Project/experement/custom-element-boilerplate/prettier.config.js
FNF:0
FNH:0
DA:1,0
LF:1
LH:0
BRF:0
BRH:0
end_of_record
TN:
SF:/Users/exdeniz/Project/experement/custom-element-boilerplate/dist/index.esm.js
FN:3,(anonymous_0)
FN:3,defineProperties
FN:3,(anonymous_2)
FN:5,_classCallCheck
FN:7,_possibleConstructorReturn
FN:9,_inherits
FN:11,_CustomElement
FN:19,(anonymous_7)
FN:22,BasketElement
FN:33,increment
FN:39,decrement
FN:47,_setSpanAria
FN:55,_setAria
FN:62,connectedCallback
FN:70,disconnectedCallback
FN:73,attributeChangedCallback
FN:90,get
FN:93,set
FN:99,get
FNF:19
FNH:0
FNDA:0,(anonymous_0)
FNDA:0,defineProperties
FNDA:0,(anonymous_2)
FNDA:0,_classCallCheck
FNDA:0,_possibleConstructorReturn
FNDA:0,_inherits
FNDA:0,_CustomElement
FNDA:0,(anonymous_7)
FNDA:0,BasketElement
FNDA:0,increment
FNDA:0,decrement
FNDA:0,_setSpanAria
FNDA:0,_setAria
FNDA:0,connectedCallback
FNDA:0,disconnectedCallback
FNDA:0,attributeChangedCallback
FNDA:0,get
FNDA:0,set
FNDA:0,get
DA:3,0
DA:5,0
DA:7,0
DA:9,0
DA:12,0
DA:16,0
DA:17,0
DA:19,0
DA:20,0
DA:23,0
DA:25,0
DA:27,0
DA:28,0
DA:31,0
DA:34,0
DA:35,0
DA:40,0
DA:41,0
DA:42,0
DA:48,0
DA:50,0
DA:51,0
DA:56,0
DA:57,0
DA:58,0
DA:63,0
DA:64,0
DA:65,0
DA:66,0
DA:74,0
DA:75,0
DA:76,0
DA:77,0
DA:78,0
DA:79,0
DA:80,0
DA:82,0
DA:83,0
DA:91,0
DA:94,0
DA:95,0
DA:100,0
DA:104,0
DA:108,0
DA:109,0
DA:110,0
LF:46
LH:0
BRDA:3,0,0,0
BRDA:3,0,1,0
BRDA:3,1,0,0
BRDA:3,1,1,0
BRDA:3,2,0,0
BRDA:3,2,1,0
BRDA:3,3,0,0
BRDA:3,3,1,0
BRDA:5,4,0,0
BRDA:5,4,1,0
BRDA:7,5,0,0
BRDA:7,5,1,0
BRDA:7,6,0,0
BRDA:7,6,1,0
BRDA:7,7,0,0
BRDA:7,7,1,0
BRDA:7,7,2,0
BRDA:9,8,0,0
BRDA:9,8,1,0
BRDA:9,9,0,0
BRDA:9,9,1,0
BRDA:9,10,0,0
BRDA:9,10,1,0
BRDA:9,11,0,0
BRDA:9,11,1,0
BRDA:9,12,0,0
BRDA:9,12,1,0
BRDA:25,13,0,0
BRDA:25,13,1,0
BRDA:40,14,0,0
BRDA:40,14,1,0
BRDA:48,15,0,0
BRDA:48,15,1,0
BRDA:48,16,0,0
BRDA:48,16,1,0
BRDA:50,17,0,0
BRDA:50,17,1,0
BRDA:63,18,0,0
BRDA:63,18,1,0
BRDA:66,19,0,0
BRDA:66,19,1,0
BRDA:75,20,0,0
BRDA:75,20,1,0
BRDA:76,21,0,0
BRDA:76,21,1,0
BRDA:78,22,0,0
BRDA:78,22,1,0
BRDA:108,23,0,0
BRDA:108,23,1,0
BRF:49
BRH:0
end_of_record
TN:
SF:/Users/exdeniz/Project/experement/custom-element-boilerplate/dist/index.umd.js
FN:1,(anonymous_0)
FN:13,(anonymous_1)
FN:20,_classCallCheck
FN:26,(anonymous_3)
FN:27,defineProperties
FN:37,(anonymous_5)
FN:44,_possibleConstructorReturn
FN:52,_inherits
FN:68,_CustomElement
FN:76,(anonymous_9)
FN:79,BasketElement
FN:90,increment
FN:96,decrement
FN:104,_setSpanAria
FN:112,_setAria
FN:119,connectedCallback
FN:127,disconnectedCallback
FN:130,attributeChangedCallback
FN:147,get
FN:150,set
FN:156,get
FNF:21
FNH:0
FNDA:0,(anonymous_0)
FNDA:0,(anonymous_1)
FNDA:0,_classCallCheck
FNDA:0,(anonymous_3)
FNDA:0,defineProperties
FNDA:0,(anonymous_5)
FNDA:0,_possibleConstructorReturn
FNDA:0,_inherits
FNDA:0,_CustomElement
FNDA:0,(anonymous_9)
FNDA:0,BasketElement
FNDA:0,increment
FNDA:0,decrement
FNDA:0,_setSpanAria
FNDA:0,_setAria
FNDA:0,connectedCallback
FNDA:0,disconnectedCallback
FNDA:0,attributeChangedCallback
FNDA:0,get
FNDA:0,set
FNDA:0,get
DA:1,0
DA:2,0
DA:3,0
DA:4,0
DA:5,0
DA:7,0
DA:10,0
DA:11,0
DA:16,0
DA:21,0
DA:22,0
DA:26,0
DA:28,0
DA:29,0
DA:30,0
DA:31,0
DA:32,0
DA:33,0
DA:37,0
DA:38,0
DA:39,0
DA:40,0
DA:45,0
DA:46,0
DA:49,0
DA:53,0
DA:54,0
DA:57,0
DA:65,0
DA:69,0
DA:73,0
DA:74,0
DA:76,0
DA:77,0
DA:80,0
DA:82,0
DA:84,0
DA:85,0
DA:88,0
DA:91,0
DA:92,0
DA:97,0
DA:98,0
DA:99,0
DA:105,0
DA:107,0
DA:108,0
DA:113,0
DA:114,0
DA:115,0
DA:120,0
DA:121,0
DA:122,0
DA:123,0
DA:131,0
DA:132,0
DA:133,0
DA:134,0
DA:135,0
DA:136,0
DA:137,0
DA:139,0
DA:140,0
DA:148,0
DA:151,0
DA:152,0
DA:157,0
DA:161,0
DA:164,0
DA:166,0
DA:167,0
DA:168,0
LF:72
LH:0
BRDA:2,0,0,0
BRDA:2,0,1,0
BRDA:2,1,0,0
BRDA:2,1,1,0
BRDA:4,2,0,0
BRDA:4,2,1,0
BRDA:21,3,0,0
BRDA:21,3,1,0
BRDA:30,4,0,0
BRDA:30,4,1,0
BRDA:32,5,0,0
BRDA:32,5,1,0
BRDA:38,6,0,0
BRDA:38,6,1,0
BRDA:39,7,0,0
BRDA:39,7,1,0
BRDA:45,8,0,0
BRDA:45,8,1,0
BRDA:49,9,0,0
BRDA:49,9,1,0
BRDA:49,10,0,0
BRDA:49,10,1,0
BRDA:49,10,2,0
BRDA:53,11,0,0
BRDA:53,11,1,0
BRDA:53,12,0,0
BRDA:53,12,1,0
BRDA:57,13,0,0
BRDA:57,13,1,0
BRDA:65,14,0,0
BRDA:65,14,1,0
BRDA:65,15,0,0
BRDA:65,15,1,0
BRDA:82,16,0,0
BRDA:82,16,1,0
BRDA:97,17,0,0
BRDA:97,17,1,0
BRDA:105,18,0,0
BRDA:105,18,1,0
BRDA:105,19,0,0
BRDA:105,19,1,0
BRDA:107,20,0,0
BRDA:107,20,1,0
BRDA:120,21,0,0
BRDA:120,21,1,0
BRDA:123,22,0,0
BRDA:123,22,1,0
BRDA:132,23,0,0
BRDA:132,23,1,0
BRDA:133,24,0,0
BRDA:133,24,1,0
BRDA:135,25,0,0
BRDA:135,25,1,0
BRDA:166,26,0,0
BRDA:166,26,1,0
BRF:55
BRH:0
end_of_record
